<?xml version='1.0' encoding='UTF-8' ?>
<testsuite name="com.example.android.scorekeeper.scorekeeper" tests="1" failures="0" errors="0" skipped="0" time="3.207" timestamp="2022-05-08T12:06:18" hostname="localhost">
  <properties>
    <property name="device" value="Nexus_7_API_28(AVD) - 9" />
    <property name="flavor" value="" />
    <property name="project" value="app" />
  </properties>
  <testcase name="Scorekeeper" classname="com.example.android.scorekeeper.scorekeeper" time="2.483" />
</testsuite>